<?xml version="1.0" encoding="UTF-8"?>
<testng-results ignored="0" total="1" passed="1" failed="0" skipped="0">
  <reporter-output>
  </reporter-output>
  <suite started-at="2026-01-15T23:08:29 IST" name="Default suite" finished-at="2026-01-15T23:08:55 IST" duration-ms="26252">
    <groups>
    </groups>
    <test started-at="2026-01-15T23:08:29 IST" name="Default test" finished-at="2026-01-15T23:08:55 IST" duration-ms="26252">
      <class name="tests.AddEmployeeTest">
        <test-method is-config="true" signature="init()[pri:0, instance:tests.AddEmployeeTest@399f45b1]" started-at="2026-01-15T23:08:29 IST" name="init" finished-at="2026-01-15T23:08:45 IST" duration-ms="15991" status="PASS">
          <reporter-output>
          </reporter-output>
        </test-method> <!-- init -->
        <test-method signature="addEmployeeTest()[pri:0, instance:tests.AddEmployeeTest@399f45b1]" started-at="2026-01-15T23:08:45 IST" name="addEmployeeTest" finished-at="2026-01-15T23:08:55 IST" duration-ms="10086" status="PASS">
          <reporter-output>
          </reporter-output>
        </test-method> <!-- addEmployeeTest -->
        <test-method is-config="true" signature="tearDownBrowser()[pri:0, instance:tests.AddEmployeeTest@399f45b1]" started-at="2026-01-15T23:08:55 IST" name="tearDownBrowser" finished-at="2026-01-15T23:08:55 IST" duration-ms="121" status="PASS">
          <reporter-output>
          </reporter-output>
        </test-method> <!-- tearDownBrowser -->
      </class> <!-- tests.AddEmployeeTest -->
    </test> <!-- Default test -->
  </suite> <!-- Default suite -->
</testng-results>
