<?xml version="1.0" encoding="UTF-8"?>
<testng-results ignored="0" total="1" passed="1" failed="0" skipped="0">
  <reporter-output>
  </reporter-output>
  <suite started-at="2026-01-13T23:13:23 IST" name="Default suite" finished-at="2026-01-13T23:14:13 IST" duration-ms="49346">
    <groups>
    </groups>
    <test started-at="2026-01-13T23:13:23 IST" name="Default test" finished-at="2026-01-13T23:14:13 IST" duration-ms="49346">
      <class name="tests.AddEmployeeTest">
        <test-method is-config="true" signature="init()[pri:0, instance:tests.AddEmployeeTest@2d7275fc]" started-at="2026-01-13T23:13:23 IST" name="init" finished-at="2026-01-13T23:13:32 IST" duration-ms="9066" status="PASS">
          <reporter-output>
          </reporter-output>
        </test-method> <!-- init -->
        <test-method signature="addEmployeeTest()[pri:0, instance:tests.AddEmployeeTest@2d7275fc]" started-at="2026-01-13T23:13:32 IST" name="addEmployeeTest" finished-at="2026-01-13T23:14:13 IST" duration-ms="40068" status="PASS">
          <reporter-output>
          </reporter-output>
        </test-method> <!-- addEmployeeTest -->
        <test-method is-config="true" signature="tearDownBrowser()[pri:0, instance:tests.AddEmployeeTest@2d7275fc]" started-at="2026-01-13T23:14:13 IST" name="tearDownBrowser" finished-at="2026-01-13T23:14:13 IST" duration-ms="158" status="PASS">
          <reporter-output>
          </reporter-output>
        </test-method> <!-- tearDownBrowser -->
      </class> <!-- tests.AddEmployeeTest -->
    </test> <!-- Default test -->
  </suite> <!-- Default suite -->
</testng-results>
